<?xml version="1.0" encoding="UTF-8"?>
<testsuite name="com.mycompany.app.CryptorTest" tests="5" skipped="0" failures="0" errors="0" timestamp="2024-09-19T03:24:05" hostname="codespaces-dcabd8" time="0.244">
  <properties/>
  <testcase name="testEncodeDecodeWithDifferentSecret()" classname="com.mycompany.app.CryptorTest" time="0.223"/>
  <testcase name="testEncodeDecode()" classname="com.mycompany.app.CryptorTest" time="0.002"/>
  <testcase name="testEncodeDecodeWithEmptyData()" classname="com.mycompany.app.CryptorTest" time="0.003"/>
  <testcase name="testEncodeDecodeWithDifferentData()" classname="com.mycompany.app.CryptorTest" time="0.002"/>
  <testcase name="testEncodeDecodeWithSpecialCharacters()" classname="com.mycompany.app.CryptorTest" time="0.006"/>
  <system-out><![CDATA[]]></system-out>
  <system-err><![CDATA[]]></system-err>
</testsuite>
